2022/09/18 18:28:26 [notice] 1#1: using the "epoll" event method
2022/09/18 18:28:26 [notice] 1#1: nginx/1.22.0
2022/09/18 18:28:26 [notice] 1#1: built by gcc 11.2.1 20220219 (Alpine 11.2.1_git20220219) 
2022/09/18 18:28:26 [notice] 1#1: OS: Linux 5.10.104-linuxkit
2022/09/18 18:28:26 [notice] 1#1: getrlimit(RLIMIT_NOFILE): 1048576:1048576
2022/09/18 18:28:26 [notice] 1#1: start worker processes
2022/09/18 18:28:26 [notice] 1#1: start worker process 32
2022/09/18 18:28:26 [notice] 1#1: start worker process 33
2022/09/18 18:28:26 [notice] 1#1: start worker process 34
2022/09/18 18:28:26 [notice] 1#1: start worker process 35
2022/09/19 19:19:08 [notice] 1#1: signal 3 (SIGQUIT) received, shutting down
2022/09/19 19:19:08 [notice] 33#33: gracefully shutting down
2022/09/19 19:19:08 [notice] 34#34: gracefully shutting down
2022/09/19 19:19:08 [notice] 35#35: gracefully shutting down
2022/09/19 19:19:08 [notice] 32#32: gracefully shutting down
2022/09/19 19:19:08 [notice] 33#33: exiting
2022/09/19 19:19:08 [notice] 34#34: exiting
2022/09/19 19:19:08 [notice] 34#34: exit
2022/09/19 19:19:08 [notice] 33#33: exit
2022/09/19 19:19:08 [notice] 32#32: exiting
2022/09/19 19:19:08 [notice] 35#35: exiting
2022/09/19 19:19:08 [notice] 32#32: exit
2022/09/19 19:19:08 [notice] 35#35: exit
2022/09/19 19:19:08 [notice] 1#1: signal 17 (SIGCHLD) received from 34
2022/09/19 19:19:08 [notice] 1#1: worker process 33 exited with code 0
2022/09/19 19:19:08 [notice] 1#1: worker process 34 exited with code 0
2022/09/19 19:19:08 [notice] 1#1: worker process 32 exited with code 0
2022/09/19 19:19:08 [notice] 1#1: worker process 35 exited with code 0
2022/09/19 19:19:08 [notice] 1#1: exit
2022/09/19 19:22:18 [notice] 1#1: using the "epoll" event method
2022/09/19 19:22:18 [notice] 1#1: nginx/1.22.0
2022/09/19 19:22:18 [notice] 1#1: built by gcc 11.2.1 20220219 (Alpine 11.2.1_git20220219) 
2022/09/19 19:22:18 [notice] 1#1: OS: Linux 5.10.104-linuxkit
2022/09/19 19:22:18 [notice] 1#1: getrlimit(RLIMIT_NOFILE): 1048576:1048576
2022/09/19 19:22:18 [notice] 1#1: start worker processes
2022/09/19 19:22:18 [notice] 1#1: start worker process 32
2022/09/19 19:22:18 [notice] 1#1: start worker process 33
2022/09/19 19:22:18 [notice] 1#1: start worker process 34
2022/09/19 19:22:18 [notice] 1#1: start worker process 35
2022/09/20 03:49:31 [notice] 1#1: signal 3 (SIGQUIT) received, shutting down
2022/09/20 03:49:31 [notice] 33#33: gracefully shutting down
2022/09/20 03:49:31 [notice] 32#32: gracefully shutting down
2022/09/20 03:49:31 [notice] 35#35: gracefully shutting down
2022/09/20 03:49:31 [notice] 34#34: gracefully shutting down
2022/09/20 03:49:31 [notice] 32#32: exiting
2022/09/20 03:49:31 [notice] 33#33: exiting
2022/09/20 03:49:31 [notice] 35#35: exiting
2022/09/20 03:49:31 [notice] 34#34: exiting
2022/09/20 03:49:31 [notice] 34#34: exit
2022/09/20 03:49:31 [notice] 35#35: exit
2022/09/20 03:49:31 [notice] 33#33: exit
2022/09/20 03:49:31 [notice] 32#32: exit
2022/09/20 03:49:32 [notice] 1#1: signal 17 (SIGCHLD) received from 35
2022/09/20 03:49:32 [notice] 1#1: worker process 32 exited with code 0
2022/09/20 03:49:32 [notice] 1#1: worker process 33 exited with code 0
2022/09/20 03:49:32 [notice] 1#1: worker process 34 exited with code 0
2022/09/20 03:49:32 [notice] 1#1: worker process 35 exited with code 0
2022/09/20 03:49:32 [notice] 1#1: exit
2022/09/20 03:54:18 [notice] 1#1: using the "epoll" event method
2022/09/20 03:54:18 [notice] 1#1: nginx/1.22.0
2022/09/20 03:54:18 [notice] 1#1: built by gcc 11.2.1 20220219 (Alpine 11.2.1_git20220219) 
2022/09/20 03:54:18 [notice] 1#1: OS: Linux 5.10.104-linuxkit
2022/09/20 03:54:18 [notice] 1#1: getrlimit(RLIMIT_NOFILE): 1048576:1048576
2022/09/20 03:54:18 [notice] 1#1: start worker processes
2022/09/20 03:54:18 [notice] 1#1: start worker process 32
2022/09/20 03:54:18 [notice] 1#1: start worker process 33
2022/09/20 03:54:18 [notice] 1#1: start worker process 34
2022/09/20 03:54:18 [notice] 1#1: start worker process 35
2022/09/20 09:22:08 [notice] 1#1: signal 3 (SIGQUIT) received, shutting down
2022/09/20 09:22:08 [notice] 33#33: gracefully shutting down
2022/09/20 09:22:08 [notice] 34#34: gracefully shutting down
2022/09/20 09:22:08 [notice] 32#32: gracefully shutting down
2022/09/20 09:22:08 [notice] 35#35: gracefully shutting down
2022/09/20 09:22:08 [notice] 33#33: exiting
2022/09/20 09:22:08 [notice] 34#34: exiting
2022/09/20 09:22:08 [notice] 35#35: exiting
2022/09/20 09:22:08 [notice] 34#34: exit
2022/09/20 09:22:08 [notice] 35#35: exit
2022/09/20 09:22:08 [notice] 33#33: exit
2022/09/20 09:22:08 [notice] 32#32: exiting
2022/09/20 09:22:08 [notice] 32#32: exit
2022/09/20 09:22:08 [notice] 1#1: signal 17 (SIGCHLD) received from 35
2022/09/20 09:22:08 [notice] 1#1: worker process 33 exited with code 0
2022/09/20 09:22:08 [notice] 1#1: worker process 34 exited with code 0
2022/09/20 09:22:08 [notice] 1#1: worker process 35 exited with code 0
2022/09/20 09:22:08 [notice] 1#1: signal 29 (SIGIO) received
2022/09/20 09:22:08 [notice] 1#1: signal 17 (SIGCHLD) received from 34
2022/09/20 09:22:08 [notice] 1#1: signal 17 (SIGCHLD) received from 32
2022/09/20 09:22:08 [notice] 1#1: worker process 32 exited with code 0
2022/09/20 09:22:08 [notice] 1#1: exit
2022/09/20 09:53:51 [notice] 1#1: using the "epoll" event method
2022/09/20 09:53:51 [notice] 1#1: nginx/1.22.0
2022/09/20 09:53:51 [notice] 1#1: built by gcc 11.2.1 20220219 (Alpine 11.2.1_git20220219) 
2022/09/20 09:53:51 [notice] 1#1: OS: Linux 5.10.104-linuxkit
2022/09/20 09:53:51 [notice] 1#1: getrlimit(RLIMIT_NOFILE): 1048576:1048576
2022/09/20 09:53:51 [notice] 1#1: start worker processes
2022/09/20 09:53:51 [notice] 1#1: start worker process 33
2022/09/20 09:53:51 [notice] 1#1: start worker process 34
2022/09/20 09:53:51 [notice] 1#1: start worker process 35
2022/09/20 09:53:51 [notice] 1#1: start worker process 36
2022/09/20 23:38:00 [notice] 1#1: signal 3 (SIGQUIT) received, shutting down
2022/09/20 23:38:00 [notice] 33#33: gracefully shutting down
2022/09/20 23:38:00 [notice] 34#34: gracefully shutting down
2022/09/20 23:38:00 [notice] 36#36: gracefully shutting down
2022/09/20 23:38:00 [notice] 35#35: gracefully shutting down
2022/09/20 23:38:00 [notice] 33#33: exiting
2022/09/20 23:38:00 [notice] 34#34: exiting
2022/09/20 23:38:00 [notice] 36#36: exiting
2022/09/20 23:38:00 [notice] 35#35: exiting
2022/09/20 23:38:00 [notice] 34#34: exit
2022/09/20 23:38:00 [notice] 36#36: exit
2022/09/20 23:38:00 [notice] 33#33: exit
2022/09/20 23:38:00 [notice] 35#35: exit
2022/09/20 23:38:00 [notice] 1#1: signal 17 (SIGCHLD) received from 36
2022/09/20 23:38:00 [notice] 1#1: worker process 34 exited with code 0
2022/09/20 23:38:00 [notice] 1#1: worker process 33 exited with code 0
2022/09/20 23:38:00 [notice] 1#1: worker process 35 exited with code 0
2022/09/20 23:38:00 [notice] 1#1: worker process 36 exited with code 0
2022/09/20 23:38:00 [notice] 1#1: exit
2022/09/20 23:42:37 [notice] 1#1: using the "epoll" event method
2022/09/20 23:42:37 [notice] 1#1: nginx/1.22.0
2022/09/20 23:42:37 [notice] 1#1: built by gcc 11.2.1 20220219 (Alpine 11.2.1_git20220219) 
2022/09/20 23:42:37 [notice] 1#1: OS: Linux 5.10.104-linuxkit
2022/09/20 23:42:37 [notice] 1#1: getrlimit(RLIMIT_NOFILE): 1048576:1048576
2022/09/20 23:42:37 [notice] 1#1: start worker processes
2022/09/20 23:42:37 [notice] 1#1: start worker process 32
2022/09/20 23:42:37 [notice] 1#1: start worker process 33
2022/09/20 23:42:37 [notice] 1#1: start worker process 34
2022/09/20 23:42:37 [notice] 1#1: start worker process 35
